<?xml version="1.0" encoding="UTF-8"?>
<!-- Generated by org.testng.reporters.JUnitXMLReporter -->
<testsuite hostname="AKLSSINHA" ignored="0" name="Default test" tests="4" failures="0" timestamp="2020-11-10T22:33:43 NZDT" time="74.856" errors="0">
  <testcase name="VerifyComposebuttonisDisplayed" time="12.502" classname="com.qa.testcases.LoginPageTest"/>
  <testcase name="VerifyLoginPageTitle" time="11.595" classname="com.qa.testcases.LoginPageTest"/>
  <testcase name="VerifyUsernameLabelTest" time="12.392" classname="com.qa.testcases.LoginPageTest"/>
  <testcase name="sendmail" time="14.032" classname="com.qa.testcases.LoginPageTest"/>
</testsuite> <!-- Default test -->
