<?xml version="1.0" encoding="UTF-8"?>
<!-- Generated by org.testng.reporters.JUnitXMLReporter -->
<testsuite hostname="AKLSSINHA" ignored="0" name="Test" tests="4" failures="0" timestamp="2020-11-10T22:58:41 NZDT" time="71.474" errors="0">
  <testcase name="VerifyComposebuttonisDisplayed" time="12.658" classname="com.qa.testcases.LoginPageTest"/>
  <testcase name="VerifyLoginPageTitle" time="11.299" classname="com.qa.testcases.LoginPageTest"/>
  <testcase name="VerifyUsernameLabelTest" time="12.1" classname="com.qa.testcases.LoginPageTest"/>
  <testcase name="sendmail" time="12.439" classname="com.qa.testcases.LoginPageTest"/>
</testsuite> <!-- Test -->
