<?xml version="1.0" encoding="UTF-8"?>
<testng-results skipped="0" failed="0" ignored="0" total="4" passed="4">
  <reporter-output>
  </reporter-output>
  <suite name="Suite" duration-ms="71474" started-at="2020-11-10T22:57:29 NZDT" finished-at="2020-11-10T22:58:41 NZDT">
    <groups>
    </groups>
    <test name="Test" duration-ms="71474" started-at="2020-11-10T22:57:29 NZDT" finished-at="2020-11-10T22:58:41 NZDT">
      <class name="com.qa.testcases.LoginPageTest">
        <test-method status="PASS" signature="setUp()[pri:0, instance:com.qa.testcases.LoginPageTest@396f6598]" name="setUp" is-config="true" duration-ms="4999" started-at="2020-11-10T22:57:29 NZDT" finished-at="2020-11-10T22:57:34 NZDT">
          <reporter-output>
          </reporter-output>
        </test-method> <!-- setUp -->
        <test-method status="PASS" signature="VerifyComposebuttonisDisplayed()[pri:0, instance:com.qa.testcases.LoginPageTest@396f6598]" name="VerifyComposebuttonisDisplayed" duration-ms="12658" started-at="2020-11-10T22:57:34 NZDT" description="Validate user is looged in by verifying compose button is displayed" finished-at="2020-11-10T22:57:47 NZDT">
          <reporter-output>
          </reporter-output>
        </test-method> <!-- VerifyComposebuttonisDisplayed -->
        <test-method status="PASS" signature="CloseApplication()[pri:0, instance:com.qa.testcases.LoginPageTest@396f6598]" name="CloseApplication" is-config="true" duration-ms="1017" started-at="2020-11-10T22:57:47 NZDT" finished-at="2020-11-10T22:57:48 NZDT">
          <reporter-output>
          </reporter-output>
        </test-method> <!-- CloseApplication -->
        <test-method status="PASS" signature="setUp()[pri:0, instance:com.qa.testcases.LoginPageTest@396f6598]" name="setUp" is-config="true" duration-ms="4562" started-at="2020-11-10T22:57:48 NZDT" finished-at="2020-11-10T22:57:52 NZDT">
          <reporter-output>
          </reporter-output>
        </test-method> <!-- setUp -->
        <test-method status="PASS" signature="VerifyLoginPageTitle()[pri:0, instance:com.qa.testcases.LoginPageTest@396f6598]" name="VerifyLoginPageTitle" duration-ms="11299" started-at="2020-11-10T22:57:52 NZDT" description="Validate user is looged in by verifying the page title" finished-at="2020-11-10T22:58:04 NZDT">
          <reporter-output>
          </reporter-output>
        </test-method> <!-- VerifyLoginPageTitle -->
        <test-method status="PASS" signature="CloseApplication()[pri:0, instance:com.qa.testcases.LoginPageTest@396f6598]" name="CloseApplication" is-config="true" duration-ms="1042" started-at="2020-11-10T22:58:04 NZDT" finished-at="2020-11-10T22:58:05 NZDT">
          <reporter-output>
          </reporter-output>
        </test-method> <!-- CloseApplication -->
        <test-method status="PASS" signature="setUp()[pri:0, instance:com.qa.testcases.LoginPageTest@396f6598]" name="setUp" is-config="true" duration-ms="4456" started-at="2020-11-10T22:58:05 NZDT" finished-at="2020-11-10T22:58:09 NZDT">
          <reporter-output>
          </reporter-output>
        </test-method> <!-- setUp -->
        <test-method status="PASS" signature="VerifyUsernameLabelTest()[pri:0, instance:com.qa.testcases.LoginPageTest@396f6598]" name="VerifyUsernameLabelTest" duration-ms="12100" started-at="2020-11-10T22:58:09 NZDT" description="Validate user is looged in by verifying the username label" finished-at="2020-11-10T22:58:21 NZDT">
          <reporter-output>
          </reporter-output>
        </test-method> <!-- VerifyUsernameLabelTest -->
        <test-method status="PASS" signature="CloseApplication()[pri:0, instance:com.qa.testcases.LoginPageTest@396f6598]" name="CloseApplication" is-config="true" duration-ms="1008" started-at="2020-11-10T22:58:21 NZDT" finished-at="2020-11-10T22:58:22 NZDT">
          <reporter-output>
          </reporter-output>
        </test-method> <!-- CloseApplication -->
        <test-method status="PASS" signature="setUp()[pri:0, instance:com.qa.testcases.LoginPageTest@396f6598]" name="setUp" is-config="true" duration-ms="4781" started-at="2020-11-10T22:58:22 NZDT" finished-at="2020-11-10T22:58:27 NZDT">
          <reporter-output>
          </reporter-output>
        </test-method> <!-- setUp -->
        <test-method status="PASS" signature="sendmail(java.lang.String, java.lang.String, java.lang.String)[pri:0, instance:com.qa.testcases.LoginPageTest@396f6598]" name="sendmail" duration-ms="12439" started-at="2020-11-10T22:58:27 NZDT" description="Send an email" data-provider="data" finished-at="2020-11-10T22:58:40 NZDT">
          <params>
            <param index="0">
              <value>
                <![CDATA[sahaiswat@gmail.com]]>
              </value>
            </param>
            <param index="1">
              <value>
                <![CDATA[hello]]>
              </value>
            </param>
            <param index="2">
              <value>
                <![CDATA[how are you]]>
              </value>
            </param>
          </params>
          <reporter-output>
          </reporter-output>
        </test-method> <!-- sendmail -->
        <test-method status="PASS" signature="CloseApplication()[pri:0, instance:com.qa.testcases.LoginPageTest@396f6598]" name="CloseApplication" is-config="true" duration-ms="1027" started-at="2020-11-10T22:58:40 NZDT" finished-at="2020-11-10T22:58:41 NZDT">
          <reporter-output>
          </reporter-output>
        </test-method> <!-- CloseApplication -->
      </class> <!-- com.qa.testcases.LoginPageTest -->
    </test> <!-- Test -->
  </suite> <!-- Suite -->
</testng-results>
